TN:
SF:src\services\store.ts
FN:23,useDispatch
FNF:1
FNH:0
FNDA:0,useDispatch
DA:1,1
DA:2,1
DA:3,1
DA:4,1
DA:5,1
DA:6,1
DA:7,1
DA:8,1
DA:9,1
DA:10,1
DA:11,1
DA:12,1
DA:13,1
DA:14,1
DA:15,1
DA:16,1
DA:17,1
DA:18,1
DA:19,1
DA:20,1
DA:21,1
DA:22,1
DA:23,1
DA:24,1
DA:25,1
DA:26,1
LF:26
LH:26
BRF:0
BRH:0
end_of_record
TN:
SF:src\slices\storeSlice.tsx
FN:91,addIngredient
FN:98,openModal
FN:101,closeModal
FN:104,moveItemUp
FN:114,moveItemDown
FN:124,deleteItem
FN:130,resetOrder
FN:140,init
FN:143,setError
FN:148,selectIngredients
FN:149,selectConstructorItems
FN:150,selectOrderRequest
FN:151,selectIsLoading
FN:152,selectOrderModalData
FN:153,selectIsModalOpen
FN:154,selectIsAuthenticated
FN:155,selectUserOrders
FN:156,selectUser
FN:157,selectError
FN:158,selectOrders
FN:159,selectTotal
FN:160,selectTotalToday
FN:161,selectIsInit
FN:163,extraReducers
FNF:24
FNH:5
FNDA:2,addIngredient
FNDA:0,openModal
FNDA:0,closeModal
FNDA:2,moveItemUp
FNDA:2,moveItemDown
FNDA:2,deleteItem
FNDA:0,resetOrder
FNDA:0,init
FNDA:0,setError
FNDA:0,selectIngredients
FNDA:0,selectConstructorItems
FNDA:0,selectOrderRequest
FNDA:0,selectIsLoading
FNDA:0,selectOrderModalData
FNDA:0,selectIsModalOpen
FNDA:0,selectIsAuthenticated
FNDA:0,selectUserOrders
FNDA:0,selectUser
FNDA:0,selectError
FNDA:0,selectOrders
FNDA:0,selectTotal
FNDA:0,selectTotalToday
FNDA:0,selectIsInit
FNDA:6,extraReducers
DA:1,1
DA:2,1
DA:3,1
DA:4,1
DA:5,1
DA:6,1
DA:7,1
DA:8,1
DA:9,1
DA:10,1
DA:11,1
DA:12,1
DA:13,1
DA:14,1
DA:15,1
DA:16,1
DA:17,1
DA:18,1
DA:19,1
DA:20,1
DA:21,1
DA:22,1
DA:23,1
DA:24,1
DA:25,1
DA:26,1
DA:27,1
DA:28,1
DA:29,1
DA:30,1
DA:31,1
DA:32,1
DA:33,1
DA:34,1
DA:35,1
DA:36,1
DA:37,1
DA:38,1
DA:39,1
DA:40,1
DA:41,1
DA:42,1
DA:43,1
DA:44,1
DA:45,1
DA:46,1
DA:47,1
DA:48,1
DA:49,1
DA:50,1
DA:51,1
DA:52,1
DA:53,1
DA:54,1
DA:55,1
DA:56,1
DA:57,1
DA:58,1
DA:59,1
DA:60,1
DA:61,1
DA:62,1
DA:63,1
DA:64,1
DA:65,1
DA:66,1
DA:67,1
DA:68,1
DA:69,1
DA:70,1
DA:71,1
DA:72,1
DA:73,1
DA:74,1
DA:75,1
DA:76,1
DA:77,1
DA:78,1
DA:79,1
DA:80,1
DA:81,1
DA:82,1
DA:83,1
DA:84,1
DA:85,1
DA:86,1
DA:87,1
DA:88,1
DA:89,1
DA:90,1
DA:91,1
DA:92,2
DA:93,0
DA:94,2
DA:95,2
DA:96,2
DA:97,1
DA:98,1
DA:99,0
DA:100,1
DA:101,1
DA:102,0
DA:103,1
DA:104,1
DA:105,2
DA:106,2
DA:107,0
DA:108,0
DA:109,0
DA:110,0
DA:111,0
DA:112,0
DA:113,1
DA:114,1
DA:115,2
DA:116,2
DA:117,2
DA:118,2
DA:119,2
DA:120,2
DA:121,2
DA:122,2
DA:123,1
DA:124,1
DA:125,2
DA:126,2
DA:127,2
DA:128,2
DA:129,1
DA:130,1
DA:131,0
DA:132,0
DA:133,0
DA:134,0
DA:135,0
DA:136,0
DA:137,0
DA:138,0
DA:139,1
DA:140,1
DA:141,0
DA:142,1
DA:143,1
DA:144,0
DA:145,0
DA:146,1
DA:147,1
DA:148,1
DA:149,1
DA:150,1
DA:151,1
DA:152,1
DA:153,1
DA:154,1
DA:155,1
DA:156,1
DA:157,1
DA:158,1
DA:159,1
DA:160,1
DA:161,1
DA:162,1
DA:163,1
DA:164,6
DA:165,6
DA:166,1
DA:167,6
DA:168,6
DA:169,1
DA:170,1
DA:171,6
DA:172,6
DA:173,1
DA:174,1
DA:175,6
DA:176,6
DA:177,1
DA:178,6
DA:179,6
DA:180,1
DA:181,1
DA:182,1
DA:183,6
DA:184,6
DA:185,1
DA:186,1
DA:187,1
DA:188,6
DA:189,6
DA:190,2
DA:191,6
DA:192,6
DA:193,2
DA:194,2
DA:195,2
DA:196,2
DA:197,6
DA:198,6
DA:199,2
DA:200,2
DA:201,6
DA:202,6
DA:203,1
DA:204,6
DA:205,6
DA:206,1
DA:207,1
DA:208,1
DA:209,1
DA:210,6
DA:211,6
DA:212,1
DA:213,1
DA:214,6
DA:215,6
DA:216,1
DA:217,6
DA:218,6
DA:219,1
DA:220,1
DA:221,1
DA:222,6
DA:223,6
DA:224,1
DA:225,1
DA:226,6
DA:227,6
DA:228,1
DA:229,6
DA:230,6
DA:231,1
DA:232,1
DA:233,6
DA:234,6
DA:235,1
DA:236,1
DA:237,6
DA:238,6
DA:239,1
DA:240,6
DA:241,6
DA:242,1
DA:243,1
DA:244,1
DA:245,6
DA:246,6
DA:247,1
DA:248,1
DA:249,6
DA:250,6
DA:251,1
DA:252,6
DA:253,6
DA:254,1
DA:255,1
DA:256,1
DA:257,6
DA:258,6
DA:259,1
DA:260,1
DA:261,6
DA:262,6
DA:263,0
DA:264,6
DA:265,6
DA:266,0
DA:267,6
DA:268,6
DA:269,0
DA:270,0
DA:271,6
DA:272,6
DA:273,1
DA:274,6
DA:275,6
DA:276,1
DA:277,1
DA:278,6
DA:279,6
DA:280,1
DA:281,1
DA:282,6
DA:283,6
DA:284,1
DA:285,1
DA:286,1
DA:287,1
DA:288,1
DA:289,1
DA:290,1
DA:291,1
DA:292,1
DA:293,1
DA:294,1
DA:295,1
DA:296,1
DA:297,1
DA:298,1
DA:299,1
DA:300,1
DA:301,1
DA:302,1
DA:303,1
DA:304,1
DA:305,1
DA:306,1
DA:307,1
DA:308,1
DA:309,1
DA:310,1
DA:311,1
DA:312,1
DA:313,1
DA:314,1
LF:314
LH:290
BRDA:91,0,0,2
BRDA:92,1,0,0
BRDA:104,2,0,2
BRDA:106,3,0,0
BRDA:114,4,0,2
BRDA:124,5,0,2
BRDA:127,6,0,6
BRDA:163,7,0,6
BRDA:165,8,0,1
BRDA:168,9,0,1
BRDA:172,10,0,1
BRDA:176,11,0,1
BRDA:179,12,0,1
BRDA:184,13,0,1
BRDA:189,14,0,2
BRDA:192,15,0,2
BRDA:198,16,0,2
BRDA:202,17,0,1
BRDA:205,18,0,1
BRDA:211,19,0,1
BRDA:215,20,0,1
BRDA:218,21,0,1
BRDA:223,22,0,1
BRDA:227,23,0,1
BRDA:230,24,0,1
BRDA:234,25,0,1
BRDA:238,26,0,1
BRDA:241,27,0,1
BRDA:246,28,0,1
BRDA:250,29,0,1
BRDA:253,30,0,1
BRDA:258,31,0,1
BRDA:272,32,0,1
BRDA:275,33,0,1
BRDA:279,34,0,1
BRF:35
BRH:33
end_of_record
TN:
SF:src\utils\burger-api.ts
FN:6,checkResponse
FN:13,checkSuccess
FN:20,request
FN:25,options
FN:51,refreshToken
FN:61,fetchWithRefresh
FN:80,getIngredientsApi
FN:83,getFeedsApi
FN:85,getOrdersApi
FN:88,orderBurgerApi
FN:100,registerUserApi
FN:108,loginUserApi
FN:111,forgotPasswordApi
FN:114,resetPasswordApi
FN:119,getUserApi
FN:122,updateUserApi
FN:128,logoutApi
FNF:17
FNH:0
FNDA:0,checkResponse
FNDA:0,checkSuccess
FNDA:0,request
FNDA:0,options
FNDA:0,refreshToken
FNDA:0,fetchWithRefresh
FNDA:0,getIngredientsApi
FNDA:0,getFeedsApi
FNDA:0,getOrdersApi
FNDA:0,orderBurgerApi
FNDA:0,registerUserApi
FNDA:0,loginUserApi
FNDA:0,forgotPasswordApi
FNDA:0,resetPasswordApi
FNDA:0,getUserApi
FNDA:0,updateUserApi
FNDA:0,logoutApi
DA:1,1
DA:2,1
DA:3,1
DA:4,1
DA:5,1
DA:6,1
DA:7,0
DA:8,0
DA:9,0
DA:10,0
DA:11,0
DA:12,1
DA:13,1
DA:14,0
DA:15,0
DA:16,0
DA:17,0
DA:18,0
DA:19,1
DA:20,1
DA:21,0
DA:22,0
DA:23,0
DA:24,1
DA:25,1
DA:26,0
DA:27,0
DA:28,0
DA:29,0
DA:30,0
DA:31,0
DA:32,0
DA:33,0
DA:34,0
DA:35,0
DA:36,0
DA:37,0
DA:38,0
DA:39,0
DA:40,0
DA:41,1
DA:42,1
DA:43,1
DA:44,1
DA:45,1
DA:46,1
DA:47,1
DA:48,1
DA:49,1
DA:50,1
DA:51,1
DA:52,0
DA:53,0
DA:54,0
DA:55,0
DA:56,0
DA:57,0
DA:58,0
DA:59,0
DA:60,1
DA:61,1
DA:62,0
DA:63,0
DA:64,0
DA:65,0
DA:66,0
DA:67,0
DA:68,0
DA:69,0
DA:70,0
DA:71,0
DA:72,0
DA:73,0
DA:74,0
DA:75,0
DA:76,0
DA:77,0
DA:78,0
DA:79,1
DA:80,1
DA:81,0
DA:82,1
DA:83,1
DA:84,1
DA:85,1
DA:86,0
DA:87,1
DA:88,1
DA:89,0
DA:90,0
DA:91,0
DA:92,0
DA:93,1
DA:94,1
DA:95,1
DA:96,1
DA:97,1
DA:98,1
DA:99,1
DA:100,1
DA:101,0
DA:102,1
DA:103,1
DA:104,1
DA:105,1
DA:106,1
DA:107,1
DA:108,1
DA:109,0
DA:110,1
DA:111,1
DA:112,0
DA:113,1
DA:114,1
DA:115,0
DA:116,1
DA:117,1
DA:118,1
DA:119,1
DA:120,0
DA:121,1
DA:122,1
DA:123,0
DA:124,0
DA:125,0
DA:126,0
DA:127,1
DA:128,1
DA:129,0
DA:130,0
DA:131,0
DA:132,0
LF:132
LH:60
BRF:0
BRH:0
end_of_record
TN:
SF:src\utils\cookie.ts
FN:1,getCookie
FN:13,setCookie
FN:45,deleteCookie
FNF:3
FNH:0
FNDA:0,getCookie
FNDA:0,setCookie
FNDA:0,deleteCookie
DA:1,0
DA:2,0
DA:3,0
DA:4,0
DA:5,0
DA:6,0
DA:7,0
DA:8,0
DA:9,0
DA:10,0
DA:11,0
DA:12,1
DA:13,0
DA:14,0
DA:15,0
DA:16,0
DA:17,0
DA:18,0
DA:19,0
DA:20,0
DA:21,0
DA:22,0
DA:23,0
DA:24,0
DA:25,0
DA:26,0
DA:27,0
DA:28,0
DA:29,0
DA:30,0
DA:31,0
DA:32,0
DA:33,0
DA:34,0
DA:35,0
DA:36,0
DA:37,0
DA:38,0
DA:39,0
DA:40,0
DA:41,0
DA:42,0
DA:43,0
DA:44,1
DA:45,0
DA:46,0
DA:47,0
LF:47
LH:2
BRF:0
BRH:0
end_of_record
